Performing C SOURCE FILE Test CMAKE_HAVE_LIBC_PTHREAD failed with the following output:
Change Dir: /home/terkulov/geant4/MedPhys_pBi/build/CMakeFiles/CMakeTmp

Run Build Command(s):/usr/bin/make cmTC_aee61/fast && /usr/bin/make -f CMakeFiles/cmTC_aee61.dir/build.make CMakeFiles/cmTC_aee61.dir/build
make[1]: вход в каталог «/home/terkulov/geant4/MedPhys_pBi/build/CMakeFiles/CMakeTmp»
Building C object CMakeFiles/cmTC_aee61.dir/src.c.o
/usr/bin/cc   -DCMAKE_HAVE_LIBC_PTHREAD   -o CMakeFiles/cmTC_aee61.dir/src.c.o   -c /home/terkulov/geant4/MedPhys_pBi/build/CMakeFiles/CMakeTmp/src.c
Linking C executable cmTC_aee61
/home/terkulov/FairSoft/install/bin/cmake -E cmake_link_script CMakeFiles/cmTC_aee61.dir/link.txt --verbose=1
/usr/bin/cc  -DCMAKE_HAVE_LIBC_PTHREAD    CMakeFiles/cmTC_aee61.dir/src.c.o  -o cmTC_aee61 
CMakeFiles/cmTC_aee61.dir/src.c.o: In function `main':
src.c:(.text+0x3e): undefined reference to `pthread_create'
src.c:(.text+0x4a): undefined reference to `pthread_detach'
src.c:(.text+0x5b): undefined reference to `pthread_join'
src.c:(.text+0x6f): undefined reference to `pthread_atfork'
collect2: error: ld returned 1 exit status
CMakeFiles/cmTC_aee61.dir/build.make:86: recipe for target 'cmTC_aee61' failed
make[1]: *** [cmTC_aee61] Error 1
make[1]: выход из каталога «/home/terkulov/geant4/MedPhys_pBi/build/CMakeFiles/CMakeTmp»
Makefile:121: recipe for target 'cmTC_aee61/fast' failed
make: *** [cmTC_aee61/fast] Error 2


Source file was:
#include <pthread.h>

void* test_func(void* data)
{
  return data;
}

int main(void)
{
  pthread_t thread;
  pthread_create(&thread, NULL, test_func, NULL);
  pthread_detach(thread);
  pthread_join(thread, NULL);
  pthread_atfork(NULL, NULL, NULL);
  pthread_exit(NULL);

  return 0;
}

Performing C SOURCE FILE Test CMAKE_HAVE_LIBC_PTHREAD failed with the following output:
Change Dir: /home/terkulov/geant4/IMBP/build/CMakeFiles/CMakeTmp

Run Build Command(s):/usr/bin/make cmTC_fdae5/fast && /usr/bin/make -f CMakeFiles/cmTC_fdae5.dir/build.make CMakeFiles/cmTC_fdae5.dir/build
make[1]: вход в каталог «/home/terkulov/geant4/IMBP/build/CMakeFiles/CMakeTmp»
Building C object CMakeFiles/cmTC_fdae5.dir/src.c.o
/usr/bin/cc   -DCMAKE_HAVE_LIBC_PTHREAD   -o CMakeFiles/cmTC_fdae5.dir/src.c.o   -c /home/terkulov/geant4/IMBP/build/CMakeFiles/CMakeTmp/src.c
Linking C executable cmTC_fdae5
/home/terkulov/FairSoft/install/bin/cmake -E cmake_link_script CMakeFiles/cmTC_fdae5.dir/link.txt --verbose=1
/usr/bin/cc  -DCMAKE_HAVE_LIBC_PTHREAD    CMakeFiles/cmTC_fdae5.dir/src.c.o  -o cmTC_fdae5 
CMakeFiles/cmTC_fdae5.dir/src.c.o: In function `main':
src.c:(.text+0x3e): undefined reference to `pthread_create'
src.c:(.text+0x4a): undefined reference to `pthread_detach'
src.c:(.text+0x5b): undefined reference to `pthread_join'
src.c:(.text+0x6f): undefined reference to `pthread_atfork'
collect2: error: ld returned 1 exit status
CMakeFiles/cmTC_fdae5.dir/build.make:86: recipe for target 'cmTC_fdae5' failed
make[1]: *** [cmTC_fdae5] Error 1
make[1]: выход из каталога «/home/terkulov/geant4/IMBP/build/CMakeFiles/CMakeTmp»
Makefile:121: recipe for target 'cmTC_fdae5/fast' failed
make: *** [cmTC_fdae5/fast] Error 2


Source file was:
#include <pthread.h>

void* test_func(void* data)
{
  return data;
}

int main(void)
{
  pthread_t thread;
  pthread_create(&thread, NULL, test_func, NULL);
  pthread_detach(thread);
  pthread_join(thread, NULL);
  pthread_atfork(NULL, NULL, NULL);
  pthread_exit(NULL);

  return 0;
}

